2017-05-08T18:10:44.544Z - debug: [twx-studio:upgrade:Test (2)] Begin upgrade of project Test (2)
2017-05-08T18:10:44.546Z - info: [twx-studio:upgrade:Test (2)] Upgrading project Test (2) C:\Users\Administrator\Documents\ThingWorxStudio\Projects\Test (2) from 1.7.246 to 1.9.321
2017-05-08T18:10:44.554Z - debug: [twx-studio:upgrade:Test (2)] Updated C:\Users\Administrator\Documents\ThingWorxStudio\Projects\Test (2)\src\shared\styles\app.scss, replaced all occurrences of "../../resources" with "#{$resources}"
2017-05-08T18:10:44.555Z - debug: [twx-studio:upgrade:Test (2)] ---contents of package.json---
 {
  "name": "private-ves-project-template",
  "version": "1.0.0",
  "description": "",
  "main": "index.js",
  "keywords": [],
  "private": true,
  "author": "",
  "license": "",
  "devDependencies": {
    "archiver": "^1.0.1",
    "cheerio": "^0.19.0",
    "del": "^2.2.0",
    "fs-extra": "0.29.0",
    "gulp": "^3.9.1",
    "gulp-autoprefixer": "^3.1.0",
    "gulp-concat": "^2.6.0",
    "gulp-debug": "^2.1.2",
    "gulp-util": "^3.0.7",
    "lodash": "^3.9.3",
    "swig": "^1.4.2",
    "ves-publish": "^1.0.1",
    "yargs": "^4.7.1"
  }
}

2017-05-08T18:10:44.556Z - debug: [twx-studio:upgrade:Test (2)] Removing  C:\Users\Administrator\Documents\ThingWorxStudio\Projects\Test (2)/package.json
2017-05-08T18:10:44.559Z - debug: [twx-studio:upgrade:Test (2)] Deleting settings.path Test
2017-05-08T18:10:44.559Z - debug: [twx-studio:upgrade:Test (2)] Deleting settings.studioPath C:\Users\drobear\AppData\Roaming\ThingworxStudio\studio-download.vuforia.io\dist
2017-05-08T18:10:44.562Z - debug: [twx-studio:upgrade:Test (2)] Non-symlink & non-empty node_modules directory found inside project. Leaving it alone.
2017-05-08T18:10:44.562Z - debug: [twx-studio:upgrade:Test (2)] Make sure there are not any stale files lying around
2017-05-08T18:10:44.562Z - debug: [twx-studio:upgrade:Test (2)] Removing  C:\Users\Administrator\Documents\ThingWorxStudio\Projects\Test (2)/css/
2017-05-08T18:10:44.568Z - debug: [twx-studio:upgrade:Test (2)] Removing  C:\Users\Administrator\Documents\ThingWorxStudio\Projects\Test (2)/dist/
2017-05-08T18:10:44.708Z - debug: [twx-studio:upgrade:Test (2)] Removing  C:\Users\Administrator\Documents\ThingWorxStudio\Projects\Test (2)/extensions/
2017-05-08T18:10:44.715Z - debug: [twx-studio:upgrade:Test (2)] Removing  C:\Users\Administrator\Documents\ThingWorxStudio\Projects\Test (2)/preview3d/
2017-05-08T18:10:44.717Z - debug: [twx-studio:upgrade:Test (2)] Removing  C:\Users\Administrator\Documents\ThingWorxStudio\Projects\Test (2)/preview3d-old/
2017-05-08T18:10:44.719Z - debug: [twx-studio:upgrade:Test (2)] Removing  C:\Users\Administrator\Documents\ThingWorxStudio\Projects\Test (2)/src-scaffold/
2017-05-08T18:10:44.803Z - debug: [twx-studio:upgrade:Test (2)] Removing  C:\Users\Administrator\Documents\ThingWorxStudio\Projects\Test (2)/stage/
2017-05-08T18:10:44.804Z - debug: [twx-studio:upgrade:Test (2)] Removing  C:\Users\Administrator\Documents\ThingWorxStudio\Projects\Test (2)/src/phone/resources/Default/
2017-05-08T18:10:44.819Z - debug: [twx-studio:upgrade:Test (2)] Removing  C:\Users\Administrator\Documents\ThingWorxStudio\Projects\Test (2)/theme/
2017-05-08T18:10:44.822Z - debug: [twx-studio:upgrade:Test (2)] Create .gitignore for project dir
2017-05-08T18:10:44.823Z - debug: [twx-studio:upgrade:Test (2)] Copying /src/**/* to project, overwrite=false
2017-05-08T18:10:44.824Z - debug: [twx-studio:upgrade:Test (2)] Copying /**/* to project, skip /src/**/*,  overwrite=true
2017-05-08T18:10:45.413Z - debug: [twx-studio:upgrade:Test (2)] Copy of project files complete
2017-05-08T18:10:45.413Z - debug: [twx-studio:upgrade:Test (2)] Updating version to  1.9.321
2017-05-08T18:10:45.413Z - debug: [twx-studio:upgrade:Test (2)] onupgrade sucessful, now build the project
2017-05-08T18:10:45.414Z - debug: [twx-studio:upgrade:Test (2)] buildApp Test (2)
2017-05-08T18:10:45.414Z - debug: [twx-studio:upgrade:Test (2)] write settings
2017-05-08T18:10:45.414Z - debug: [twx-studio:upgrade:Test (2)] copy runtime extensions
2017-05-08T18:10:45.505Z - debug: [twx-studio:upgrade:Test (2)] packageThemeSet
2017-05-08T18:10:47.202Z - debug: [twx-studio:upgrade:Test (2)] onBuild
2017-05-08T18:10:47.203Z - info: [twx-studio:upgrade:Test (2)] Building ves-ar-extension app: Test (2)
2017-05-08T18:10:48.064Z - debug: [twx-studio:upgrade:Test (2)] pathDir C:\Users\Administrator\Documents\ThingWorxStudio\Projects\Test (2)
2017-05-08T18:10:48.064Z - debug: [twx-studio:upgrade:Test (2)] scaffoldDir C:\Users\Administrator\AppData\Roaming\ThingworxStudio\studio-download.vuforia.io\node_modules\ves-ar-extension\src\src-scaffold
2017-05-08T18:10:48.065Z - debug: [twx-studio:upgrade:Test (2)] copySrc
2017-05-08T18:10:48.447Z - debug: [twx-studio:upgrade:Test (2)] buildApp
2017-05-08T18:10:48.460Z - debug: [twx-studio:upgrade:Test (2)] Build succeeded.
2017-11-27T11:05:31.461Z - debug: [twx-studio:upgrade:Test (2)] Begin upgrade of project Test (2)
2017-11-27T11:05:31.465Z - info: [twx-studio:upgrade:Test (2)] Upgrading project Test (2) C:\Users\Administrator\Documents\ThingWorxStudio\Projects\Test (2) from 1.9.321 to 8.1.1 (1.19.750)
2017-11-27T11:05:31.481Z - debug: [twx-studio:upgrade:Test (2)] Non-symlink & non-empty node_modules directory found inside project. Leaving it alone.
2017-11-27T11:05:31.488Z - debug: [twx-studio:upgrade:Test (2)] Moved application parameters to Data.json
2017-11-27T11:05:31.488Z - debug: [twx-studio:upgrade:Test (2)] Removed application parameters from in-memory settings
2017-11-27T11:05:31.489Z - debug: [twx-studio:upgrade:Test (2)] Migrate service bindings for view name=Home, fileName=Home, showInMainMenu=true, viewType=ar, title=Home
2017-11-27T11:05:31.489Z - debug: [twx-studio:upgrade:Test (2)] Updating bindings in view:  Home
2017-11-27T11:05:31.490Z - debug: [twx-studio:upgrade:Test (2)] Updating bindings in the Home json, file contents: {"attributes":{"twx-widget":"","widget-id":"view-1","viewtype":"ar","widget-name":"view-1","is-widget-container":"true"},"children":[{"name":"twx-container-content","children":[{"attributes":{"twx-widget":"","widget-id":"x-c521f25c-8690-4053-871e-aa1fd988877b","widget-name":"3D Container","is-widget-container":"true"},"name":"twx-dt-view","children":[{"name":"twx-container-content","children":[{"attributes":{"twx-widget":"","widget-id":"model-1","src":"Uploaded/Fans moving.pvz","scale":"1.25","x":"0.286","y":"0.188","z":"0.145","ry":"90","rz":"-0.00","sequence":"Uploaded/l-Creo 3D - Figure 1.pvi"},"name":"twx-dt-model"},{"attributes":{"twx-widget":"","widget-id":"thingMark-1","marker-id":"526:20","width":"0.0508","x":"0.420","y":"0.285","z":"0.178","rx":"180.00","ry":"90.00","rz":"180.00","istracked":"true","tracking-indicator":"true"},"name":"twx-dt-target","children":[{"attributes":{"databind-id":"db-1485803192991","source-type":"data","source-name":"vumark","source-item-type":"value","source-item-name":"vumark","binding-type":"custom_field","from-expression":"app.params['vumark']","to-property":"markerId"},"name":"twx-databind"}]},{"attributes":{"twx-widget":"","widget-id":"3DGauge-2","text":"","src":"Default/vu_sinewave.svg","fontsize":"40px","textattrs":"fill:rgba(255, 255, 255, 1);textbaseline:middle;textalign:center","textx":"64","texty":"94","scale":"0.750","x":"0.370","y":"0.350","z":"-0.186","rx":"0.00","ry":"90.00","rz":"0.00","canvasheight":"128","canvaswidth":"128","billboard":"true","height":"0","width":"0"},"name":"twx-dt-sensor","children":[{"attributes":{"databind-id":"db-1494267755263","source-type":"data","source-name":"TurbinesDemoThing","source-item-type":"property","source-item-name":"Fan2XAccel","binding-type":"property_field","from-expression":"app.mdl['TurbinesDemoThing'].properties['Fan2XAccel']","to-property":"text"},"name":"twx-databind","children":[{"attributes":{"filter-id":"df-1494272185067","filter-name":"Filter","filter-body":"return $filter('number')(value,0);"},"name":"twx-data-filter"}]}]},{"attributes":{"twx-widget":"","widget-id":"3DGauge-3","text":"","src":"Default/vu_sinewave.svg","fontsize":"40px","textattrs":"fill:rgba(255, 255, 255, 1);textbaseline:middle;textalign:center","textx":"64","texty":"94","scale":"0.750","x":"0.370","y":"0.350","z":"0.575","rx":"0.00","ry":"90.00","rz":"0.00","canvasheight":"128","canvaswidth":"128","billboard":"true"},"name":"twx-dt-sensor","children":[{"attributes":{"databind-id":"db-1494267783114","source-type":"data","source-name":"TurbinesDemoThing","source-item-type":"property","source-item-name":"Fan1XAccel","binding-type":"property_field","from-expression":"app.mdl['TurbinesDemoThing'].properties['Fan1XAccel']","to-property":"text"},"name":"twx-databind","children":[{"attributes":{"filter-id":"df-1494272223907","filter-name":"Filter","filter-body":"return $filter('number')(value,0);"},"name":"twx-data-filter"}]}]},{"attributes":{"twx-widget":"","widget-id":"3DGauge-1","text":"","src":"Default/vu_gauge4.svg","fontsize":"40px","textattrs":"fill:rgba(255, 255, 255, 1);textbaseline:middle;textalign:center","textx":"64","texty":"94","scale":"0.750","x":"0.370","y":"0.5","z":"0.449","rx":"0.00","ry":"90.00","rz":"0.00","canvasheight":"128","canvaswidth":"128","billboard":"true"},"name":"twx-dt-sensor","children":[{"attributes":{"databind-id":"db-1494267818256","source-type":"data","source-name":"TurbinesDemoThing","source-item-type":"property","source-item-name":"Fan1RPM","binding-type":"property_field","from-expression":"app.mdl['TurbinesDemoThing'].properties['Fan1RPM']","to-property":"text"},"name":"twx-databind","children":[{"attributes":{"filter-id":"df-1494272933308","filter-name":"Filter","filter-body":"return $filter('number')(value,0);"},"name":"twx-data-filter"}]}]},{"attributes":{"twx-widget":"","widget-id":"3DGauge-4","text":"","src":"Default/vu_gauge1.svg","fontsize":"40px","textattrs":"fill:rgba(255, 255, 255, 1);textbaseline:middle;textalign:center","textx":"64","texty":"94","scale":"0.750","x":"0.370","y":"0.500","z":"-0.0588","rx":"0.00","ry":"90.00","rz":"0.00","canvasheight":"128","canvaswidth":"128","billboard":"true"},"name":"twx-dt-sensor","children":[{"attributes":{"databind-id":"db-1494267841594","source-type":"data","source-name":"TurbinesDemoThing","source-item-type":"property","source-item-name":"Fan2RPM","binding-type":"property_field","from-expression":"app.mdl['TurbinesDemoThing'].properties['Fan2RPM']","to-property":"text"},"name":"twx-databind","children":[{"attributes":{"filter-id":"df-1494272944953","filter-name":"Filter","filter-body":"return $filter('number')(value,0);"},"name":"twx-data-filter"}]}]},{"attributes":{"twx-widget":"","widget-id":"3DGauge-5","src":"Default/vu_sinewave.svg","fontsize":"40px","textattrs":"fill:rgba(255, 255, 255, 1);textbaseline:middle;textalign:center","textx":"64","texty":"94","scale":"0.750","x":"0.370","y":"0.233","z":"-0.186","rx":"0.00","ry":"0.00","rz":"0.00","canvasheight":"128","canvaswidth":"128","billboard":"true"},"name":"twx-dt-sensor","children":[{"attributes":{"databind-id":"db-1494267852192","source-type":"data","source-name":"TurbinesDemoThing","source-item-type":"property","source-item-name":"Fan2YAccel","binding-type":"property_field","from-expression":"app.mdl['TurbinesDemoThing'].properties['Fan2YAccel']","to-property":"text"},"name":"twx-databind","children":[{"attributes":{"filter-id":"df-1494272955762","filter-name":"Filter","filter-body":"return $filter('number')(value,0);"},"name":"twx-data-filter"}]}]},{"attributes":{"twx-widget":"","widget-id":"3DGauge-6","src":"Default/vu_sinewave.svg","fontsize":"40px","textattrs":"fill:rgba(255, 255, 255, 1);textbaseline:middle;textalign:center","textx":"64","texty":"94","scale":"0.750","x":"0.370","y":"0.233","z":"0.575","rx":"0.00","ry":"0.00","rz":"0.00","canvasheight":"128","canvaswidth":"128","billboard":"true"},"name":"twx-dt-sensor","children":[{"attributes":{"databind-id":"db-1494267862038","source-type":"data","source-name":"TurbinesDemoThing","source-item-type":"property","source-item-name":"Fan1YAccel","binding-type":"property_field","from-expression":"app.mdl['TurbinesDemoThing'].properties['Fan1YAccel']","to-property":"text"},"name":"twx-databind","children":[{"attributes":{"filter-id":"df-1494272969946","filter-name":"Filter","filter-body":"return $filter('number')(value,0);"},"name":"twx-data-filter"}]}]}]}]},{"attributes":{"twx-widget":"","widget-id":"2DOverlay-1","widget-name":"2D Overlay","is-widget-container":"true"},"name":"twx-overlay","children":[{"name":"twx-container-content","children":[{"attributes":{"twx-widget":"","widget-id":"panel-1","position":"top","widget-name":"Top Panel","is-widget-container":"true"},"name":"twx-overlay-container","children":[{"name":"twx-container-content","children":[{"attributes":{"twx-widget":"","widget-id":"header-1","widget-name":"Header","is-widget-container":"true"},"name":"twx-view-header","children":[{"name":"twx-container-content","children":[{"attributes":{"twx-widget":"","widget-id":"headerButtons-1","align":"primary","widget-name":"headerButtons-1","is-widget-container":"true"},"name":"twx-header-buttons","children":[{"name":"twx-container-content"}]},{"attributes":{"twx-widget":"","widget-id":"headerTitle-1","class":"Fan Demo","widget-name":"headerTitle-1","is-widget-container":"true"},"name":"twx-header-title","children":[{"name":"twx-container-content"}]},{"attributes":{"twx-widget":"","widget-id":"headerButtons-2","align":"secondary","widget-name":"headerButtons-2","is-widget-container":"true"},"name":"twx-header-buttons","children":[{"name":"twx-container-content"}]}]}]}]}]},{"attributes":{"twx-widget":"","widget-id":"2DOverlayBody-1","widget-name":"2D Body","is-widget-container":"true"},"name":"twx-overlay-body","children":[{"name":"twx-container-content","children":[{"attributes":{"twx-widget":"","widget-id":"panel-2","position":"left","widget-name":"Left Panel","is-widget-container":"true"},"name":"twx-overlay-container","children":[{"name":"twx-container-content","children":[{"attributes":{"twx-widget":"","widget-id":"timeSeriesChart-3","labels-field":"timestamp","values-field":"Fan1XAccel","widget-name":"timeSeriesChart-3"},"name":"twx-time-series-chart","children":[{"attributes":{"databind-id":"db-1494267907435","source-type":"data","source-name":"TurbinesDemoThing","source-item-type":"service","source-item-name":"QueryPropertyHistory","binding-type":"collection","from-expression":"app.mdl['TurbinesDemoThing'].svc['QueryPropertyHistory'].data","to-property":"data"},"name":"twx-databind"}]}]}]},{"attributes":{"twx-widget":"","widget-id":"panel-3","position":"center","widget-name":"Center Panel","is-widget-container":"true"},"name":"twx-overlay-container","children":[{"name":"twx-container-content","children":[{"attributes":{"twx-widget":"","widget-id":"gridLayout-1","widget-name":"gridLayout-1","is-widget-container":"true"},"name":"twx-gridlayout","children":[{"name":"twx-container-content","children":[{"attributes":{"twx-widget":"","widget-id":"row-1","widget-name":"row-1","is-widget-container":"true"},"name":"twx-row","children":[{"name":"twx-container-content"}]}]}]}]}]},{"attributes":{"twx-widget":"","widget-id":"panel-4","position":"right","widget-name":"Right Panel","is-widget-container":"true"},"name":"twx-overlay-container","children":[{"name":"twx-container-content","children":[{"attributes":{"twx-widget":"","widget-id":"timeSeriesChart-4","labels-field":"timestamp","values-field":"Fan2XAccel","widget-name":"timeSeriesChart-4"},"name":"twx-time-series-chart","children":[{"attributes":{"databind-id":"db-1494267954859","source-type":"data","source-name":"TurbinesDemoThing","source-item-type":"service","source-item-name":"QueryPropertyHistory","binding-type":"collection","from-expression":"app.mdl['TurbinesDemoThing'].svc['QueryPropertyHistory'].data","to-property":"data"},"name":"twx-databind"}]}]}]}]}]},{"attributes":{"twx-widget":"","widget-id":"panel-5","position":"bottom","widget-name":"Bottom Panel","is-widget-container":"true"},"name":"twx-overlay-container","children":[{"name":"twx-container-content","children":[{"attributes":{"twx-widget":"","widget-id":"header-2","widget-name":"header-2","is-widget-container":"true"},"name":"twx-view-header","children":[{"name":"twx-container-content","children":[{"attributes":{"twx-widget":"","widget-id":"headerButtons-3","align":"primary","widget-name":"headerButtons-3","is-widget-container":"true"},"name":"twx-header-buttons","children":[{"name":"twx-container-content"}]},{"attributes":{"twx-widget":"","widget-id":"headerTitle-2","widget-name":"headerTitle-2","is-widget-container":"true"},"name":"twx-header-title","children":[{"name":"twx-container-content","children":[{"attributes":{"twx-widget":"","widget-id":"button-1","text":"Spin Fans","widget-name":"button-1"},"name":"twx-button","children":[{"attributes":{"eventbind-id":"eb-1","src-event":"click","handler-type":"ui","handler-name":"model-1","handler-service":"playAll","handler":"app.view[\"model-1\"].svc.playAll"},"name":"twx-eventbind"}]}]}]},{"attributes":{"twx-widget":"","widget-id":"headerButtons-4","align":"secondary","widget-name":"headerButtons-4","is-widget-container":"true"},"name":"twx-header-buttons","children":[{"name":"twx-container-content"}]}]}]}]}]}]}]}]},{"name":"twx-view-data"}],"name":"twx-view"}
2017-11-27T11:05:31.499Z - debug: [twx-studio:upgrade:Test (2)] Updating bindings in Data.json file, file contents: {"attributes":{"namespace":"app.mdl"},"children":[{"attributes":{"name":"TurbinesDemoThing","twx-entity-type":"Things","twx-entity-name":"TurbinesDemoThing"},"name":"twx-model","children":[{"attributes":{"name":"Fan1RPM","twx-auto-refresh":"true","twx-model":"app.mdl[\"TurbinesDemoThing\"].properties[\"Fan1RPM\"]"},"name":"twx-model-property"},{"attributes":{"name":"Fan1XAccel","twx-auto-refresh":"true","twx-model":"app.mdl[\"TurbinesDemoThing\"].properties[\"Fan1XAccel\"]"},"name":"twx-model-property"},{"attributes":{"name":"Fan1YAccel","twx-auto-refresh":"true","twx-model":"app.mdl[\"TurbinesDemoThing\"].properties[\"Fan1YAccel\"]"},"name":"twx-model-property"},{"attributes":{"name":"Fan2RPM","twx-auto-refresh":"true","twx-model":"app.mdl[\"TurbinesDemoThing\"].properties[\"Fan2RPM\"]"},"name":"twx-model-property"},{"attributes":{"name":"Fan2XAccel","twx-auto-refresh":"true","twx-model":"app.mdl[\"TurbinesDemoThing\"].properties[\"Fan2XAccel\"]"},"name":"twx-model-property"},{"attributes":{"name":"Fan2YAccel","twx-auto-refresh":"true","twx-model":"app.mdl[\"TurbinesDemoThing\"].properties[\"Fan2YAccel\"]"},"name":"twx-model-property"},{"attributes":{"name":"QueryPropertyHistory","id":"QueryPropertyHistory"},"name":"twx-model-service"}]},{"attributes":{"id":"vumark","isbound":false,"isdeletable":false,"name":"ThingMark","value":""},"name":"twx-app-param"},{"attributes":{"id":"template","isbound":false,"isdeletable":false,"name":"Thing Template","value":""},"name":"twx-app-param"},{"attributes":{"id":"thing","isbound":false,"isdeletable":false,"name":"Thing","value":""},"name":"twx-app-param"}],"name":"twx-app-mdl"}
2017-11-27T11:05:31.509Z - debug: [twx-studio:upgrade:Test (2)] Rename xperienceType to experienceType for experience with title " Fan Demo "
2017-11-27T11:05:31.520Z - debug: [twx-studio:upgrade:Test (2)] Make sure there are not any stale files lying around
2017-11-27T11:05:31.520Z - debug: [twx-studio:upgrade:Test (2)] Removing  C:\Users\Administrator\Documents\ThingWorxStudio\Projects\Test (2)/css/
2017-11-27T11:05:31.525Z - debug: [twx-studio:upgrade:Test (2)] Removing  C:\Users\Administrator\Documents\ThingWorxStudio\Projects\Test (2)/dist/
2017-11-27T11:05:31.630Z - debug: [twx-studio:upgrade:Test (2)] Removing  C:\Users\Administrator\Documents\ThingWorxStudio\Projects\Test (2)/extensions/
2017-11-27T11:05:31.637Z - debug: [twx-studio:upgrade:Test (2)] Removing  C:\Users\Administrator\Documents\ThingWorxStudio\Projects\Test (2)/preview3d/
2017-11-27T11:05:31.642Z - debug: [twx-studio:upgrade:Test (2)] Removing  C:\Users\Administrator\Documents\ThingWorxStudio\Projects\Test (2)/preview3d-old/
2017-11-27T11:05:31.643Z - debug: [twx-studio:upgrade:Test (2)] Removing  C:\Users\Administrator\Documents\ThingWorxStudio\Projects\Test (2)/src-scaffold/
2017-11-27T11:05:31.743Z - debug: [twx-studio:upgrade:Test (2)] Removing  C:\Users\Administrator\Documents\ThingWorxStudio\Projects\Test (2)/src/phone/resources/Default/
2017-11-27T11:05:31.765Z - debug: [twx-studio:upgrade:Test (2)] Removing  C:\Users\Administrator\Documents\ThingWorxStudio\Projects\Test (2)/theme/
2017-11-27T11:05:31.772Z - debug: [twx-studio:upgrade:Test (2)] Merging  C:\Users\Administrator\AppData\Roaming\ThingworxStudio\studio-download.vuforia.io\node_modules\ves-ar-extension\src\ar\.gitignore.template with C:\Users\Administrator\Documents\ThingWorxStudio\Projects\Test (2)\.gitignore
2017-11-27T11:05:31.772Z - debug: [twx-studio:upgrade:Test (2)] Original contents of C:\Users\Administrator\Documents\ThingWorxStudio\Projects\Test (2)\.gitignore
#-- BEGIN OOTB GITIGNORE --#
# Do not modify contents between BEGIN and END, it will be replaced on upgrade
#-- ignore everything
/*
#-- unignore files that should be source controlled
!.gitignore
!appConfig.json
!/src/
#-- re-ignore default resources
/src/phone/resources/Default/**
#-- END OOTB GITIGNORE --#

2017-11-27T11:05:31.779Z - debug: [twx-studio:upgrade:Test (2)] Copying /src/**/* to project, overwrite=false
2017-11-27T11:05:31.781Z - debug: [twx-studio:upgrade:Test (2)] Copying /**/* to project, skip /src/**/*,  overwrite=true
2017-11-27T11:05:32.268Z - debug: [twx-studio:upgrade:Test (2)] Copy of project files complete
2017-11-27T11:05:32.269Z - debug: [twx-studio:upgrade:Test (2)] Updating version to  8.1.1 (1.19.750)
2017-11-27T11:05:32.269Z - debug: [twx-studio:upgrade:Test (2)] onupgrade sucessful, now build the project
2017-11-27T11:05:32.270Z - debug: [twx-studio:upgrade:Test (2)] BEGIN buildApp Test (2)_1511780732269
2017-11-27T11:05:32.270Z - debug: [twx-studio:upgrade:Test (2)] write settings
2017-11-27T11:05:32.280Z - debug: [twx-studio:upgrade:Test (2)] copy runtime extensions
2017-11-27T11:05:32.512Z - debug: [twx-studio:upgrade:Test (2)] packageThemeSet
2017-11-27T11:05:33.820Z - debug: [twx-studio:upgrade:Test (2)] onBuild
2017-11-27T11:05:33.820Z - info: [twx-studio:upgrade:Test (2)] Building ves-ar-extension app: Test (2)
2017-11-27T11:05:35.156Z - debug: [twx-studio:upgrade:Test (2)] pathDir C:\Users\Administrator\Documents\ThingWorxStudio\Projects\Test (2)
2017-11-27T11:05:35.156Z - debug: [twx-studio:upgrade:Test (2)] scaffoldDir C:\Users\Administrator\AppData\Roaming\ThingworxStudio\studio-download.vuforia.io\node_modules\ves-ar-extension\src\src-scaffold
2017-11-27T11:05:35.156Z - debug: [twx-studio:upgrade:Test (2)] copySrc
2017-11-27T11:05:37.757Z - debug: [twx-studio:upgrade:Test (2)] buildApp
2017-11-27T11:05:38.179Z - debug: [twx-studio:upgrade:Test (2)] END buildApp Test (2)_1511780732269
2017-11-27T11:05:38.179Z - debug: [twx-studio:upgrade:Test (2)] Build succeeded.

2018-01-26T12:18:58.528Z: Project "Test (2)" saved as new project "DualFan_Demo"2018-01-26T12:18:59.874Z - debug: [twx-studio:upgrade:DualFan_Demo] Begin upgrade of project DualFan_Demo
2018-01-26T12:18:59.880Z - info: [twx-studio:upgrade:DualFan_Demo] Upgrading project DualFan Demo C:\Users\Administrator\Documents\ThingWorxStudio\Projects\DualFan_Demo from 8.1.1 (1.19.750) to 8.1.3 (1.21.882)
2018-01-26T12:18:59.907Z - debug: [twx-studio:upgrade:DualFan_Demo] Make sure there are not any stale files lying around
2018-01-26T12:18:59.908Z - debug: [twx-studio:upgrade:DualFan_Demo] Removing  C:\Users\Administrator\Documents\ThingWorxStudio\Projects\DualFan_Demo/src/phone/resources/Default/
2018-01-26T12:18:59.932Z - debug: [twx-studio:upgrade:DualFan_Demo] Create .gitignore for project dir
2018-01-26T12:18:59.941Z - debug: [twx-studio:upgrade:DualFan_Demo] Copying /src/**/* to project, overwrite=false
2018-01-26T12:18:59.944Z - debug: [twx-studio:upgrade:DualFan_Demo] Copying /**/* to project, skip /src/**/*,  overwrite=true
2018-01-26T12:19:00.103Z - debug: [twx-studio:upgrade:DualFan_Demo] Copy of project files complete
2018-01-26T12:19:00.104Z - debug: [twx-studio:upgrade:DualFan_Demo] Updating version to  8.1.3 (1.21.882)
2018-01-26T12:19:00.104Z - debug: [twx-studio:upgrade:DualFan_Demo] onupgrade sucessful, now build the project
2018-01-26T12:19:00.105Z - debug: [twx-studio:upgrade:DualFan_Demo] BEGIN buildApp DualFan_Demo_1516969140104
2018-01-26T12:19:00.105Z - debug: [twx-studio:upgrade:DualFan_Demo] write settings
2018-01-26T12:19:00.111Z - debug: [twx-studio:upgrade:DualFan_Demo] copy runtime extensions
2018-01-26T12:19:00.326Z - debug: [twx-studio:upgrade:DualFan_Demo] packageThemeSet
2018-01-26T12:19:01.472Z - debug: [twx-studio:upgrade:DualFan_Demo] onBuild
2018-01-26T12:19:01.472Z - info: [twx-studio:upgrade:DualFan_Demo] Building ves-ar-extension app: DualFan Demo
2018-01-26T12:19:01.517Z - debug: [twx-studio:upgrade:DualFan_Demo] pathDir C:\Users\Administrator\Documents\ThingWorxStudio\Projects\DualFan_Demo
2018-01-26T12:19:01.517Z - debug: [twx-studio:upgrade:DualFan_Demo] scaffoldDir C:\Users\Administrator\AppData\Roaming\ThingworxStudio\studio-download.vuforia.io\node_modules\ves-ar-extension\src\src-scaffold
2018-01-26T12:19:01.517Z - debug: [twx-studio:upgrade:DualFan_Demo] copySrc
2018-01-26T12:19:03.737Z - debug: [twx-studio:upgrade:DualFan_Demo] buildApp
2018-01-26T12:19:04.119Z - debug: [twx-studio:upgrade:DualFan_Demo] END buildApp DualFan_Demo_1516969140104
2018-01-26T12:19:04.119Z - debug: [twx-studio:upgrade:DualFan_Demo] Build succeeded.
2018-01-29T09:13:49.485Z - debug: [twx-studio:upgrade:HPE_DualFanDemo] Begin upgrade of project HPE_DualFanDemo
2018-01-29T09:13:49.486Z - info: [twx-studio:upgrade:HPE_DualFanDemo] Upgrading project HPE_DualFanDemo C:\Users\placatus\Documents\ThingWorxStudio\Projects\HPE_DualFanDemo from 8.1.3 (1.21.882) to 8.1.3 (1.21.882)
2018-01-29T09:13:49.564Z - debug: [twx-studio:upgrade:HPE_DualFanDemo] Make sure there are not any stale files lying around
2018-01-29T09:13:49.564Z - debug: [twx-studio:upgrade:HPE_DualFanDemo] Removing  C:\Users\placatus\Documents\ThingWorxStudio\Projects\HPE_DualFanDemo/src/phone/resources/Default/
2018-01-29T09:13:49.620Z - debug: [twx-studio:upgrade:HPE_DualFanDemo] Create .gitignore for project dir
2018-01-29T09:13:49.627Z - debug: [twx-studio:upgrade:HPE_DualFanDemo] Copying /src/**/* to project, overwrite=false
2018-01-29T09:13:49.628Z - debug: [twx-studio:upgrade:HPE_DualFanDemo] Copying /**/* to project, skip /src/**/*,  overwrite=true
2018-01-29T09:13:49.809Z - debug: [twx-studio:upgrade:HPE_DualFanDemo] Copy of project files complete
2018-01-29T09:13:49.809Z - debug: [twx-studio:upgrade:HPE_DualFanDemo] Updating version to  8.1.3 (1.21.882)
2018-01-29T09:13:49.810Z - debug: [twx-studio:upgrade:HPE_DualFanDemo] onupgrade sucessful, now build the project
2018-01-29T09:13:49.810Z - debug: [twx-studio:upgrade:HPE_DualFanDemo] BEGIN buildApp HPE_DualFanDemo_1517217229810
2018-01-29T09:13:49.810Z - debug: [twx-studio:upgrade:HPE_DualFanDemo] write settings
2018-01-29T09:13:49.812Z - debug: [twx-studio:upgrade:HPE_DualFanDemo] copy runtime extensions
2018-01-29T09:13:50.231Z - debug: [twx-studio:upgrade:HPE_DualFanDemo] packageThemeSet
2018-01-29T09:13:51.323Z - debug: [twx-studio:upgrade:HPE_DualFanDemo] onBuild
2018-01-29T09:13:51.323Z - info: [twx-studio:upgrade:HPE_DualFanDemo] Building ves-ar-extension app: HPE_DualFanDemo
2018-01-29T09:13:51.540Z - debug: [twx-studio:upgrade:HPE_DualFanDemo] pathDir C:\Users\placatus\Documents\ThingWorxStudio\Projects\HPE_DualFanDemo
2018-01-29T09:13:51.540Z - debug: [twx-studio:upgrade:HPE_DualFanDemo] scaffoldDir C:\Users\placatus\AppData\Roaming\ThingworxStudio\studio-download.vuforia.io\node_modules\ves-ar-extension\src\src-scaffold
2018-01-29T09:13:51.540Z - debug: [twx-studio:upgrade:HPE_DualFanDemo] copySrc
2018-01-29T09:13:53.204Z - debug: [twx-studio:upgrade:HPE_DualFanDemo] buildApp
2018-01-29T09:13:53.527Z - debug: [twx-studio:upgrade:HPE_DualFanDemo] END buildApp HPE_DualFanDemo_1517217229810
2018-01-29T09:13:53.527Z - debug: [twx-studio:upgrade:HPE_DualFanDemo] Build succeeded.
2018-02-23T12:13:48.069Z - debug: [twx-studio:upgrade:HPE_DualFanDemo] Begin upgrade of project HPE_DualFanDemo
2018-02-23T12:13:48.070Z - info: [twx-studio:upgrade:HPE_DualFanDemo] Upgrading project HPE_DualFanDemo C:\Users\placatus\Documents\ThingWorxStudio\Projects\HPE_DualFanDemo from 8.1.3 (1.21.882) to 8.2.0 (1.22.941)
2018-02-23T12:13:48.080Z - info: [twx-studio:upgrade:HPE_DualFanDemo] Contents of view before upgrading C:\Users\placatus\Documents\ThingWorxStudio\Projects\HPE_DualFanDemo\src\phone\components\Home.json {"attributes":{"twx-widget":"","widget-id":"view-1","viewtype":"ar","widget-name":"view-1","is-widget-container":"true"},"children":[{"name":"twx-container-content","children":[{"attributes":{"twx-widget":"","widget-id":"x-79444e8f-5edd-45d3-aea4-c6f233eda06d","camera":"{\"metadata\":{\"version\":4.4,\"type\":\"Object\",\"generator\":\"Object3D.toJSON\"},\"object\":{\"uuid\":\"979BF558-C862-4A40-8EC0-70681B12F88C\",\"type\":\"PerspectiveCamera\",\"matrix\":[0.2691817879676819,-3.267235648696243e-10,-0.9630894064903259,0,-0.28219544887542725,0.9561091661453247,-0.07887313514947891,0,0.9208184480667114,0.2930106222629547,0.25736716389656067,0,7.035751819610596,2.238823413848877,1.9664802551269531,1],\"fov\":20,\"zoom\":1,\"near\":0.01,\"far\":20000,\"focus\":10,\"aspect\":1.395869191049914,\"filmGauge\":35,\"filmOffset\":0}}","widget-name":"3D Container","is-widget-container":"true"},"name":"twx-dt-view","children":[{"name":"twx-container-content","children":[{"attributes":{"twx-widget":"","widget-id":"model-1","src":"Uploaded/shell.pvz","scale":"1.2500","x":"0.2794","y":"0.1880","z":"0.1537","ry":"90","widget-name":"model-1"},"name":"twx-dt-model","children":[{"attributes":{"databind-id":"db-1517223982150","source-type":"ui","source-label":"Slider","source-name":"slider-2","source-item-type":"property","source-item-name":"value","binding-type":"widget_property","from-expression":"app.view['Home'].wdg['slider-2']['value']","to-property":"scale"},"name":"twx-databind"},{"attributes":{"databind-id":"db-1517224249978","source-type":"ui","source-label":"Slider","source-name":"slider-1","source-item-type":"property","source-item-name":"value","binding-type":"widget_property","from-expression":"app.view['Home'].wdg['slider-1']['value']","to-property":"ry"},"name":"twx-databind"}]},{"attributes":{"twx-widget":"","widget-id":"thingMark-1","marker-id":"526:20","width":"0.0508","x":"0.420","y":"0.285","z":"0.178","rx":"180.00","ry":"90.00","rz":"180.00","istracked":"true","tracking-indicator":"true","widget-name":"thingMark-1"},"name":"twx-dt-target","children":[{"attributes":{"databind-id":"db-1485803192991","source-type":"data","source-name":"vumark","source-item-type":"value","source-item-name":"vumark","binding-type":"custom_field","from-expression":"app.params['vumark']","to-property":"markerId"},"name":"twx-databind"}]},{"attributes":{"twx-widget":"","widget-id":"fan1RpmGauge","src":"Default/vu_gauge1.svg","scale":"0.3","x":"0.37","y":"0.45","z":"0.534","canvasheight":"600","canvaswidth":"600","billboard":"true","label":"Fan 1 RPM","max-value":"4000","unit":"","widget-name":"fan1RpmGauge"},"name":"tml-svg-gauge","children":[{"attributes":{"databind-id":"db-1517489029394","source-type":"data","source-name":"TurbinesDemoThing","source-item-type":"service","source-item-name":"GetPropertyValues","source-item-field-name":"Fan1RPM","binding-type":"current_row_field","from-expression":"app.mdl['TurbinesDemoThing'].svc['GetPropertyValues'].data.current['Fan1RPM']","to-property":"value"},"name":"twx-databind","children":[{"attributes":{"filter-id":"df-1517489037427","filter-name":"filter","filter-body":"return value.toFixed(0);"},"name":"twx-data-filter"}]},{"attributes":{"databind-id":"db-1517489049868","source-type":"data","source-name":"TurbinesDemoThing","source-item-type":"service","source-item-name":"GetPropertyValues","source-item-field-name":"Fan1RPM","binding-type":"current_row_field","from-expression":"app.mdl['TurbinesDemoThing'].svc['GetPropertyValues'].data.current['Fan1RPM']","to-property":"textColor"},"name":"twx-databind","children":[{"attributes":{"filter-id":"df-1517489058782","filter-name":"filter","filter-body":"return value < 1500? \"red\": \"#125E3D\""},"name":"twx-data-filter"}]}]},{"attributes":{"twx-widget":"","widget-id":"fan2RpmGauge","src":"Default/vu_gauge1.svg","scale":"0.3","x":"0.37","y":"0.45","z":"-0.108","canvasheight":"600","canvaswidth":"600","billboard":"true","label":"Fan 2 RPM","max-value":"4000","unit":"","widget-name":"fan2RpmGauge"},"name":"tml-svg-gauge","children":[{"attributes":{"databind-id":"db-1517489072493","source-type":"data","source-name":"TurbinesDemoThing","source-item-type":"service","source-item-name":"GetPropertyValues","source-item-field-name":"Fan2RPM","binding-type":"current_row_field","from-expression":"app.mdl['TurbinesDemoThing'].svc['GetPropertyValues'].data.current['Fan2RPM']","to-property":"value"},"name":"twx-databind","children":[{"attributes":{"filter-id":"df-1517489087648","filter-name":"filter","filter-body":"return value.toFixed()"},"name":"twx-data-filter"}]},{"attributes":{"databind-id":"db-1517489095476","source-type":"data","source-name":"TurbinesDemoThing","source-item-type":"service","source-item-name":"GetPropertyValues","source-item-field-name":"Fan2RPM","binding-type":"current_row_field","from-expression":"app.mdl['TurbinesDemoThing'].svc['GetPropertyValues'].data.current['Fan2RPM']","to-property":"textColor"},"name":"twx-databind","children":[{"attributes":{"filter-id":"df-1517489101047","filter-name":"filter","filter-body":"return value < 1500? \"red\": \"#125E3D\""},"name":"twx-data-filter"}]}]},{"attributes":{"twx-widget":"","widget-id":"fan1AccelBar","src":"Default/vu_gauge1.svg","scale":"0.5","x":"0.473","y":"0.09","z":"0.45","canvasheight":"140","canvaswidth":"810","billboard":"true","label":"Fan 1 Acceleration","max-value":"1000","unit":"","widget-name":"fan1AccelBar"},"name":"tml-svg-bar"},{"attributes":{"twx-widget":"","widget-id":"fan2AccelBar","src":"Default/vu_gauge1.svg","scale":"0.5","x":"0.473","y":"0.09","z":"-0.13","canvasheight":"140","canvaswidth":"810","billboard":"true","label":"Fan 2 Acceleration","max-value":"1000","unit":"","widget-name":"fan2AccelBar"},"name":"tml-svg-bar"},{"attributes":{"twx-widget":"","widget-id":"fan1StartButton","model":"model-1","idpath":"/6/201","scale":"1.0000","x":"-0.1200","y":"0.0250","z":"0.1731","rx":"90.00","ry":"-0.00","rz":"-45","widget-name":"fan1StartButton"},"name":"twx-dt-modelitem"},{"attributes":{"twx-widget":"","widget-id":"fan2StartButton","model":"model-1","idpath":"/6/95","scale":"1.0000","x":"0.1900","y":"0.0250","z":"0.1731","rx":"90.00","ry":"-0.00","rz":"-0.00","widget-name":"fan2StartButton"},"name":"twx-dt-modelitem"}]}]},{"attributes":{"twx-widget":"","widget-id":"2DOverlay-1","widget-name":"2D Overlay","is-widget-container":"true"},"name":"twx-overlay","children":[{"name":"twx-container-content","children":[{"attributes":{"twx-widget":"","widget-id":"panel-1","position":"top","widget-name":"Top Panel","is-widget-container":"true"},"name":"twx-overlay-container","children":[{"name":"twx-container-content","children":[{"attributes":{"twx-widget":"","widget-id":"BSCTopPanel","widget-name":"BSCTopPanel","is-widget-container":"true"},"name":"twx-view-header","children":[{"name":"twx-container-content","children":[{"attributes":{"twx-widget":"","widget-id":"card-1","widget-name":"card-1","is-widget-container":"true","class":"BSCTopCard"},"name":"twx-card","children":[{"name":"twx-container-content","children":[{"attributes":{"twx-widget":"","widget-id":"label-3","text":"Dual Fan installation 123A","state-format-value":"text","widget-name":"label-3","class":"simple-label BSCMachineNameLabel"},"name":"twx-label"},{"attributes":{"twx-widget":"","widget-id":"card-2","widget-name":"card-2","is-widget-container":"true","class":"BSCTopDarkArea"},"name":"twx-card","children":[{"name":"twx-container-content","children":[{"attributes":{"twx-widget":"","widget-id":"label-4","text":"Serial No   301289308","state-format-value":"text","widget-name":"label-4","class":"simple-label BSCGreenLabel BSCSerialNumber"},"name":"twx-label"},{"attributes":{"twx-widget":"","widget-id":"label-5","text":"Site: PTC Plant A","state-format-value":"text","widget-name":"label-5","class":"simple-label BSCGreenLabel BSCSiteName"},"name":"twx-label"}]}]},{"attributes":{"twx-widget":"","widget-id":"card-3","widget-name":"card-3","is-widget-container":"true","class":"BSCTopTriangle"},"name":"twx-card","children":[{"name":"twx-container-content"}]}]}]}]}]},{"attributes":{"twx-widget":"","widget-id":"header-1","widget-name":"header-1","is-widget-container":"true"},"name":"twx-view-header","children":[{"name":"twx-container-content","children":[{"attributes":{"twx-widget":"","widget-id":"headerButtons-1","align":"primary","widget-name":"headerButtons-1","is-widget-container":"true"},"name":"twx-header-buttons","children":[{"name":"twx-container-content","children":[{"attributes":{"twx-widget":"","widget-id":"resourceImage-2","imgsrc":"Uploaded/thingworx-color.png","width":"123p","height":"33px","widget-name":"resourceImage-2"},"name":"twx-image2"}]}]},{"attributes":{"twx-widget":"","widget-id":"headerTitle-1","widget-name":"headerTitle-1","is-widget-container":"true"},"name":"twx-header-title","children":[{"name":"twx-container-content","children":[{"attributes":{"twx-widget":"","widget-id":"label-1","text":"Conditional Monitoring","state-format-value":"text","widget-name":"label-1"},"name":"twx-label"}]}]},{"attributes":{"twx-widget":"","widget-id":"headerButtons-2","align":"secondary","widget-name":"headerButtons-2","is-widget-container":"true"},"name":"twx-header-buttons","children":[{"name":"twx-container-content","children":[{"attributes":{"twx-widget":"","widget-id":"resourceImage-1","imgsrc":"Uploaded/HPE-Green-Logo.jpg","width":"200px","height":"31px","padding":"3px 0 0 0","widget-name":"resourceImage-1"},"name":"twx-image2"}]}]}]}]}]}]},{"attributes":{"twx-widget":"","widget-id":"2DOverlayBody-1","widget-name":"2D Body","is-widget-container":"true"},"name":"twx-overlay-body","children":[{"name":"twx-container-content","children":[{"attributes":{"twx-widget":"","widget-id":"panel-2","position":"left","width":"33vw","widget-name":"Left Panel","is-widget-container":"true","class":"BSCLeftPanel"},"name":"twx-overlay-container","children":[{"name":"twx-container-content","children":[{"attributes":{"twx-widget":"","widget-id":"propertyDisplayCard","visible":"false","widget-name":"propertyDisplayCard","is-widget-container":"true","class":"BSCPropertyDisplayCard"},"name":"twx-card","children":[{"name":"twx-container-content","children":[{"attributes":{"twx-widget":"","widget-id":"valueDisplay-1","state-format-value":"value","label":"Fan 1 Acceleration X","widget-name":"valueDisplay-1","class":"simple-label BSCNoBackground BSCValueDisplay"},"name":"twx-valuedisplay","children":[{"attributes":{"databind-id":"db-1517489142119","source-type":"data","source-name":"TurbinesDemoThing","source-item-type":"service","source-item-name":"GetPropertyValues","source-item-field-name":"Fan1XAccel","binding-type":"current_row_field","from-expression":"app.mdl['TurbinesDemoThing'].svc['GetPropertyValues'].data.current['Fan1XAccel']","to-property":"value"},"name":"twx-databind","children":[{"attributes":{"filter-id":"df-1517489179163","filter-name":"filter","filter-body":"return value.toFixed(1)"},"name":"twx-data-filter"}]}]},{"attributes":{"twx-widget":"","widget-id":"valueDisplay-2","state-format-value":"value","label":"Fan 1 Acceleration Y","widget-name":"valueDisplay-2","class":"simple-label BSCNoBackground BSCValueDisplay"},"name":"twx-valuedisplay","children":[{"attributes":{"databind-id":"db-1517489146716","source-type":"data","source-name":"TurbinesDemoThing","source-item-type":"service","source-item-name":"GetPropertyValues","source-item-field-name":"Fan1YAccel","binding-type":"current_row_field","from-expression":"app.mdl['TurbinesDemoThing'].svc['GetPropertyValues'].data.current['Fan1YAccel']","to-property":"value"},"name":"twx-databind","children":[{"attributes":{"filter-id":"df-1517489184355","filter-name":"filt","filter-body":"return value.toFixed(1)"},"name":"twx-data-filter"}]}]},{"attributes":{"twx-widget":"","widget-id":"valueDisplay-3","state-format-value":"value","label":"Fan 1 Acceleration RPM","widget-name":"valueDisplay-3","class":"simple-label BSCNoBackground BSCValueDisplay"},"name":"twx-valuedisplay","children":[{"attributes":{"databind-id":"db-1517489154607","source-type":"data","source-name":"TurbinesDemoThing","source-item-type":"service","source-item-name":"GetPropertyValues","source-item-field-name":"Fan1RPM","binding-type":"current_row_field","from-expression":"app.mdl['TurbinesDemoThing'].svc['GetPropertyValues'].data.current['Fan1RPM']","to-property":"value"},"name":"twx-databind","children":[{"attributes":{"filter-id":"df-1517489189788","filter-name":"filt","filter-body":"return value.toFixed(1)"},"name":"twx-data-filter"}]}]}]}]}]}]},{"attributes":{"twx-widget":"","widget-id":"panel-3","position":"center","widget-name":"Center Panel","is-widget-container":"true"},"name":"twx-overlay-container","children":[{"name":"twx-container-content"}]},{"attributes":{"twx-widget":"","widget-id":"panel-4","position":"right","widget-name":"Right Panel","is-widget-container":"true"},"name":"twx-overlay-container","children":[{"name":"twx-container-content"}]}]}]},{"attributes":{"twx-widget":"","widget-id":"panel-5","position":"bottom","widget-name":"Bottom Panel","is-widget-container":"true","class":"BSCBottomPanel"},"name":"twx-overlay-container","children":[{"name":"twx-container-content","children":[{"attributes":{"twx-widget":"","widget-id":"footer-1","widget-name":"footer-1","is-widget-container":"true","class":"BSCBottomPanel"},"name":"twx-view-footer","children":[{"name":"twx-container-content","children":[{"attributes":{"twx-widget":"","widget-id":"button-1","text":"","widget-name":"button-1","click-expression":"togglePanelVisibility()","class":"BSCBottomButton BSCHelpButton"},"name":"twx-button"},{"attributes":{"twx-widget":"","widget-id":"button-2","text":"","widget-name":"button-2","click-expression":"showModel()","class":"BSCBottomButton BSCPlayButton"},"name":"twx-button"},{"attributes":{"twx-widget":"","widget-id":"slider-1","max":"360","value":"90","iconleft":"","iconright":"","widget-name":"slider-1","class":"BSCSlider1"},"name":"twx-range"},{"attributes":{"twx-widget":"","widget-id":"slider-2","min":"0.2","max":"5","step":"0.1","value":"1","iconleft":"","iconright":"","widget-name":"slider-2","class":"BSCSlider2"},"name":"twx-range"},{"attributes":{"twx-widget":"","widget-id":"hyperlink-1","text":"","widget-name":"hyperlink-1","class":"BSCBottomButton BSCHomeButton"},"name":"twx-hyperlink"}]}]}]}]}]}]}]},{"name":"twx-view-data"}],"name":"twx-view"}
2018-02-23T12:13:48.080Z - debug: [twx-studio:upgrade:HPE_DualFanDemo] Make sure there are not any stale files lying around
2018-02-23T12:13:48.080Z - debug: [twx-studio:upgrade:HPE_DualFanDemo] Removing  C:\Users\placatus\Documents\ThingWorxStudio\Projects\HPE_DualFanDemo/css/
2018-02-23T12:13:48.099Z - debug: [twx-studio:upgrade:HPE_DualFanDemo] Removing  C:\Users\placatus\Documents\ThingWorxStudio\Projects\HPE_DualFanDemo/dist/
2018-02-23T12:13:48.682Z - debug: [twx-studio:upgrade:HPE_DualFanDemo] Removing  C:\Users\placatus\Documents\ThingWorxStudio\Projects\HPE_DualFanDemo/extensions/
2018-02-23T12:13:48.713Z - debug: [twx-studio:upgrade:HPE_DualFanDemo] Removing  C:\Users\placatus\Documents\ThingWorxStudio\Projects\HPE_DualFanDemo/src/phone/resources/Default/
2018-02-23T12:13:48.812Z - debug: [twx-studio:upgrade:HPE_DualFanDemo] Removing  C:\Users\placatus\Documents\ThingWorxStudio\Projects\HPE_DualFanDemo/theme/
2018-02-23T12:13:48.831Z - debug: [twx-studio:upgrade:HPE_DualFanDemo] Merging  C:\Users\placatus\AppData\Roaming\ThingworxStudio\studio-download.vuforia.io\node_modules\ves-ar-extension\src\ar\.gitignore.template with C:\Users\placatus\Documents\ThingWorxStudio\Projects\HPE_DualFanDemo\.gitignore
2018-02-23T12:13:48.831Z - debug: [twx-studio:upgrade:HPE_DualFanDemo] Original contents of C:\Users\placatus\Documents\ThingWorxStudio\Projects\HPE_DualFanDemo\.gitignore
#-- BEGIN OOTB GITIGNORE --#
# Do not modify contents between BEGIN and END, it will be replaced on upgrade
#-- ignore everything
/*
#-- unignore files that should be source controlled
!.gitignore
!appConfig.json
!/src/
!upgrade*.log
!demo_documentation.md
#-- re-ignore default resources
/src/phone/resources/Default/**
#-- END OOTB GITIGNORE --#

2018-02-23T12:13:48.838Z - debug: [twx-studio:upgrade:HPE_DualFanDemo] Copying /src/**/* to project, overwrite=false
2018-02-23T12:13:48.840Z - debug: [twx-studio:upgrade:HPE_DualFanDemo] Copying /**/* to project, skip /src/**/*,  overwrite=true
2018-02-23T12:13:49.091Z - debug: [twx-studio:upgrade:HPE_DualFanDemo] Copy of project files complete
2018-02-23T12:13:49.092Z - debug: [twx-studio:upgrade:HPE_DualFanDemo] Updating version to  8.2.0 (1.22.941)
2018-02-23T12:13:49.092Z - debug: [twx-studio:upgrade:HPE_DualFanDemo] onupgrade sucessful, now build the project
2018-02-23T12:13:49.092Z - debug: [twx-studio:upgrade:HPE_DualFanDemo] BEGIN buildApp HPE_DualFanDemo_1519388029092
2018-02-23T12:13:49.092Z - debug: [twx-studio:upgrade:HPE_DualFanDemo] write settings
2018-02-23T12:13:49.099Z - debug: [twx-studio:upgrade:HPE_DualFanDemo] copy runtime extensions
2018-02-23T12:13:49.253Z - debug: [twx-studio:upgrade:HPE_DualFanDemo] packageThemeSet
2018-02-23T12:13:50.151Z - debug: [twx-studio:upgrade:HPE_DualFanDemo] onBuild
2018-02-23T12:13:50.151Z - info: [twx-studio:upgrade:HPE_DualFanDemo] Building ves-ar-extension app: HPE_DualFanDemo
2018-02-23T12:13:50.159Z - debug: [twx-studio:upgrade:HPE_DualFanDemo] pathDir C:\Users\placatus\Documents\ThingWorxStudio\Projects\HPE_DualFanDemo
2018-02-23T12:13:50.159Z - debug: [twx-studio:upgrade:HPE_DualFanDemo] scaffoldDir C:\Users\placatus\AppData\Roaming\ThingworxStudio\studio-download.vuforia.io\node_modules\ves-ar-extension\src\src-scaffold
2018-02-23T12:13:50.160Z - debug: [twx-studio:upgrade:HPE_DualFanDemo] copySrc
2018-02-23T12:13:52.306Z - debug: [twx-studio:upgrade:HPE_DualFanDemo] buildApp
2018-02-23T12:13:52.552Z - debug: [twx-studio:upgrade:HPE_DualFanDemo] END buildApp HPE_DualFanDemo_1519388029092
2018-02-23T12:13:52.553Z - debug: [twx-studio:upgrade:HPE_DualFanDemo] Build succeeded.

2018-02-24T20:22:15.279Z: Project "HPE_DualFanDemo" saved as new project "StarterExperience"2018-02-24T20:22:17.571Z - debug: [twx-studio:upgrade:StarterExperience] Begin upgrade of project StarterExperience
2018-02-24T20:22:17.572Z - info: [twx-studio:upgrade:StarterExperience] Upgrading project StarterExperience C:\Users\placatus\Documents\ThingWorxStudio\Projects\StarterExperience from 8.2.0 (1.22.941) to 8.2.0 (1.22.941)
2018-02-24T20:22:17.580Z - info: [twx-studio:upgrade:StarterExperience] Contents of view before upgrading C:\Users\placatus\Documents\ThingWorxStudio\Projects\StarterExperience\src\phone\components\Home.json {"attributes":{"twx-widget":"","widget-id":"view-1","viewtype":"ar","widget-name":"view-1","is-widget-container":"true"},"children":[{"name":"twx-container-content","children":[{"attributes":{"twx-widget":"","widget-id":"x-79444e8f-5edd-45d3-aea4-c6f233eda06d","camera":"{\"metadata\":{\"version\":4.4,\"type\":\"Object\",\"generator\":\"Object3D.toJSON\"},\"object\":{\"uuid\":\"979BF558-C862-4A40-8EC0-70681B12F88C\",\"type\":\"PerspectiveCamera\",\"matrix\":[0.2691817879676819,-3.267235648696243e-10,-0.9630894064903259,0,-0.28219544887542725,0.9561091661453247,-0.07887313514947891,0,0.9208184480667114,0.2930106222629547,0.25736716389656067,0,7.035751819610596,2.238823413848877,1.9664802551269531,1],\"fov\":20,\"zoom\":1,\"near\":0.01,\"far\":20000,\"focus\":10,\"aspect\":1.395869191049914,\"filmGauge\":35,\"filmOffset\":0}}","widget-name":"3D Container","is-widget-container":"true"},"name":"twx-dt-view","children":[{"name":"twx-container-content","children":[{"attributes":{"twx-widget":"","widget-id":"model-1","src":"Uploaded/shell.pvz","scale":"1.2500","x":"0.2794","y":"0.1880","z":"0.1537","ry":"90","widget-name":"model-1"},"name":"twx-dt-model","children":[{"attributes":{"databind-id":"db-1517223982150","source-type":"ui","source-label":"Slider","source-name":"slider-2","source-item-type":"property","source-item-name":"value","binding-type":"widget_property","from-expression":"app.view['Home'].wdg['slider-2']['value']","to-property":"scale"},"name":"twx-databind"},{"attributes":{"databind-id":"db-1517224249978","source-type":"ui","source-label":"Slider","source-name":"slider-1","source-item-type":"property","source-item-name":"value","binding-type":"widget_property","from-expression":"app.view['Home'].wdg['slider-1']['value']","to-property":"ry"},"name":"twx-databind"}]},{"attributes":{"twx-widget":"","widget-id":"thingMark-1","marker-id":"526:20","width":"0.0508","x":"0.420","y":"0.285","z":"0.178","rx":"180.00","ry":"90.00","rz":"180.00","istracked":"true","tracking-indicator":"true","widget-name":"thingMark-1"},"name":"twx-dt-target","children":[{"attributes":{"databind-id":"db-1485803192991","source-type":"data","source-name":"vumark","source-item-type":"value","source-item-name":"vumark","binding-type":"custom_field","from-expression":"app.params['vumark']","to-property":"markerId"},"name":"twx-databind"}]},{"attributes":{"twx-widget":"","widget-id":"fan1RpmGauge","src":"Default/vu_gauge1.svg","scale":"0.3","x":"0.37","y":"0.45","z":"0.534","canvasheight":"600","canvaswidth":"600","billboard":"true","label":"Fan 1 RPM","max-value":"4000","unit":"","widget-name":"fan1RpmGauge"},"name":"tml-svg-gauge","children":[{"attributes":{"databind-id":"db-1517489029394","source-type":"data","source-name":"TurbinesDemoThing","source-item-type":"service","source-item-name":"GetPropertyValues","source-item-field-name":"Fan1RPM","binding-type":"current_row_field","from-expression":"app.mdl['TurbinesDemoThing'].svc['GetPropertyValues'].data.current['Fan1RPM']","to-property":"value"},"name":"twx-databind","children":[{"attributes":{"filter-id":"df-1517489037427","filter-name":"filter","filter-body":"return value.toFixed(0);"},"name":"twx-data-filter"}]},{"attributes":{"databind-id":"db-1517489049868","source-type":"data","source-name":"TurbinesDemoThing","source-item-type":"service","source-item-name":"GetPropertyValues","source-item-field-name":"Fan1RPM","binding-type":"current_row_field","from-expression":"app.mdl['TurbinesDemoThing'].svc['GetPropertyValues'].data.current['Fan1RPM']","to-property":"textColor"},"name":"twx-databind","children":[{"attributes":{"filter-id":"df-1517489058782","filter-name":"filter","filter-body":"return value < 1500? \"red\": \"#125E3D\""},"name":"twx-data-filter"}]}]},{"attributes":{"twx-widget":"","widget-id":"fan2RpmGauge","src":"Default/vu_gauge1.svg","scale":"0.3","x":"0.37","y":"0.45","z":"-0.108","canvasheight":"600","canvaswidth":"600","billboard":"true","label":"Fan 2 RPM","max-value":"4000","unit":"","widget-name":"fan2RpmGauge"},"name":"tml-svg-gauge","children":[{"attributes":{"databind-id":"db-1517489072493","source-type":"data","source-name":"TurbinesDemoThing","source-item-type":"service","source-item-name":"GetPropertyValues","source-item-field-name":"Fan2RPM","binding-type":"current_row_field","from-expression":"app.mdl['TurbinesDemoThing'].svc['GetPropertyValues'].data.current['Fan2RPM']","to-property":"value"},"name":"twx-databind","children":[{"attributes":{"filter-id":"df-1517489087648","filter-name":"filter","filter-body":"return value.toFixed()"},"name":"twx-data-filter"}]},{"attributes":{"databind-id":"db-1517489095476","source-type":"data","source-name":"TurbinesDemoThing","source-item-type":"service","source-item-name":"GetPropertyValues","source-item-field-name":"Fan2RPM","binding-type":"current_row_field","from-expression":"app.mdl['TurbinesDemoThing'].svc['GetPropertyValues'].data.current['Fan2RPM']","to-property":"textColor"},"name":"twx-databind","children":[{"attributes":{"filter-id":"df-1517489101047","filter-name":"filter","filter-body":"return value < 1500? \"red\": \"#125E3D\""},"name":"twx-data-filter"}]}]},{"attributes":{"twx-widget":"","widget-id":"fan1AccelBar","src":"Default/vu_gauge1.svg","scale":"0.5","x":"0.473","y":"0.09","z":"0.45","canvasheight":"140","canvaswidth":"810","billboard":"true","label":"Fan 1 Acceleration","max-value":"1000","unit":"","widget-name":"fan1AccelBar"},"name":"tml-svg-bar"},{"attributes":{"twx-widget":"","widget-id":"fan2AccelBar","src":"Default/vu_gauge1.svg","scale":"0.5","x":"0.473","y":"0.09","z":"-0.13","canvasheight":"140","canvaswidth":"810","billboard":"true","label":"Fan 2 Acceleration","max-value":"1000","unit":"","widget-name":"fan2AccelBar"},"name":"tml-svg-bar"},{"attributes":{"twx-widget":"","widget-id":"fan1StartButton","model":"model-1","idpath":"/6/201","scale":"1.0000","x":"-0.1200","y":"0.0250","z":"0.1731","rx":"90.00","ry":"-0.00","rz":"-45","widget-name":"fan1StartButton"},"name":"twx-dt-modelitem"},{"attributes":{"twx-widget":"","widget-id":"fan2StartButton","model":"model-1","idpath":"/6/95","scale":"1.0000","x":"0.1900","y":"0.0250","z":"0.1731","rx":"90.00","ry":"-0.00","rz":"-0.00","widget-name":"fan2StartButton"},"name":"twx-dt-modelitem"}]}]},{"attributes":{"twx-widget":"","widget-id":"2DOverlay-1","widget-name":"2D Overlay","is-widget-container":"true"},"name":"twx-overlay","children":[{"name":"twx-container-content","children":[{"attributes":{"twx-widget":"","widget-id":"panel-1","position":"top","widget-name":"Top Panel","is-widget-container":"true"},"name":"twx-overlay-container","children":[{"name":"twx-container-content","children":[{"attributes":{"twx-widget":"","widget-id":"BSCTopPanel","widget-name":"BSCTopPanel","is-widget-container":"true"},"name":"twx-view-header","children":[{"name":"twx-container-content","children":[{"attributes":{"twx-widget":"","widget-id":"card-1","widget-name":"card-1","is-widget-container":"true","class":"BSCTopCard"},"name":"twx-card","children":[{"name":"twx-container-content","children":[{"attributes":{"twx-widget":"","widget-id":"label-3","text":"Dual Fan installation 123A","state-format-value":"text","widget-name":"label-3","class":"simple-label BSCMachineNameLabel"},"name":"twx-label"},{"attributes":{"twx-widget":"","widget-id":"card-2","widget-name":"card-2","is-widget-container":"true","class":"BSCTopDarkArea"},"name":"twx-card","children":[{"name":"twx-container-content","children":[{"attributes":{"twx-widget":"","widget-id":"label-4","text":"Serial No   301289308","state-format-value":"text","widget-name":"label-4","class":"simple-label BSCGreenLabel BSCSerialNumber"},"name":"twx-label"},{"attributes":{"twx-widget":"","widget-id":"label-5","text":"Site: PTC Plant A","state-format-value":"text","widget-name":"label-5","class":"simple-label BSCGreenLabel BSCSiteName"},"name":"twx-label"}]}]},{"attributes":{"twx-widget":"","widget-id":"card-3","widget-name":"card-3","is-widget-container":"true","class":"BSCTopTriangle"},"name":"twx-card","children":[{"name":"twx-container-content"}]}]}]}]}]},{"attributes":{"twx-widget":"","widget-id":"header-1","widget-name":"header-1","is-widget-container":"true"},"name":"twx-view-header","children":[{"name":"twx-container-content","children":[{"attributes":{"twx-widget":"","widget-id":"headerButtons-1","align":"primary","widget-name":"headerButtons-1","is-widget-container":"true"},"name":"twx-header-buttons","children":[{"name":"twx-container-content","children":[{"attributes":{"twx-widget":"","widget-id":"resourceImage-2","imgsrc":"Uploaded/thingworx-color.png","width":"123p","height":"33px","widget-name":"resourceImage-2"},"name":"twx-image2"}]}]},{"attributes":{"twx-widget":"","widget-id":"headerTitle-1","widget-name":"headerTitle-1","is-widget-container":"true"},"name":"twx-header-title","children":[{"name":"twx-container-content","children":[{"attributes":{"twx-widget":"","widget-id":"label-1","text":"Conditional Monitoring","state-format-value":"text","widget-name":"label-1"},"name":"twx-label"}]}]},{"attributes":{"twx-widget":"","widget-id":"headerButtons-2","align":"secondary","widget-name":"headerButtons-2","is-widget-container":"true"},"name":"twx-header-buttons","children":[{"name":"twx-container-content","children":[{"attributes":{"twx-widget":"","widget-id":"resourceImage-1","imgsrc":"Uploaded/HPE-Green-Logo.jpg","width":"200px","height":"31px","padding":"3px 0 0 0","widget-name":"resourceImage-1"},"name":"twx-image2"}]}]}]}]}]}]},{"attributes":{"twx-widget":"","widget-id":"2DOverlayBody-1","widget-name":"2D Body","is-widget-container":"true"},"name":"twx-overlay-body","children":[{"name":"twx-container-content","children":[{"attributes":{"twx-widget":"","widget-id":"panel-2","position":"left","width":"33vw","widget-name":"Left Panel","is-widget-container":"true","class":"BSCLeftPanel"},"name":"twx-overlay-container","children":[{"name":"twx-container-content","children":[{"attributes":{"twx-widget":"","widget-id":"propertyDisplayCard","visible":"false","widget-name":"propertyDisplayCard","is-widget-container":"true","class":"BSCPropertyDisplayCard"},"name":"twx-card","children":[{"name":"twx-container-content","children":[{"attributes":{"twx-widget":"","widget-id":"valueDisplay-1","state-format-value":"value","label":"Fan 1 Acceleration X","widget-name":"valueDisplay-1","class":"simple-label BSCNoBackground BSCValueDisplay"},"name":"twx-valuedisplay","children":[{"attributes":{"databind-id":"db-1517489142119","source-type":"data","source-name":"TurbinesDemoThing","source-item-type":"service","source-item-name":"GetPropertyValues","source-item-field-name":"Fan1XAccel","binding-type":"current_row_field","from-expression":"app.mdl['TurbinesDemoThing'].svc['GetPropertyValues'].data.current['Fan1XAccel']","to-property":"value"},"name":"twx-databind","children":[{"attributes":{"filter-id":"df-1517489179163","filter-name":"filter","filter-body":"return value.toFixed(1)"},"name":"twx-data-filter"}]}]},{"attributes":{"twx-widget":"","widget-id":"valueDisplay-2","state-format-value":"value","label":"Fan 1 Acceleration Y","widget-name":"valueDisplay-2","class":"simple-label BSCNoBackground BSCValueDisplay"},"name":"twx-valuedisplay","children":[{"attributes":{"databind-id":"db-1517489146716","source-type":"data","source-name":"TurbinesDemoThing","source-item-type":"service","source-item-name":"GetPropertyValues","source-item-field-name":"Fan1YAccel","binding-type":"current_row_field","from-expression":"app.mdl['TurbinesDemoThing'].svc['GetPropertyValues'].data.current['Fan1YAccel']","to-property":"value"},"name":"twx-databind","children":[{"attributes":{"filter-id":"df-1517489184355","filter-name":"filt","filter-body":"return value.toFixed(1)"},"name":"twx-data-filter"}]}]},{"attributes":{"twx-widget":"","widget-id":"valueDisplay-3","state-format-value":"value","label":"Fan 1 Acceleration RPM","widget-name":"valueDisplay-3","class":"simple-label BSCNoBackground BSCValueDisplay"},"name":"twx-valuedisplay","children":[{"attributes":{"databind-id":"db-1517489154607","source-type":"data","source-name":"TurbinesDemoThing","source-item-type":"service","source-item-name":"GetPropertyValues","source-item-field-name":"Fan1RPM","binding-type":"current_row_field","from-expression":"app.mdl['TurbinesDemoThing'].svc['GetPropertyValues'].data.current['Fan1RPM']","to-property":"value"},"name":"twx-databind","children":[{"attributes":{"filter-id":"df-1517489189788","filter-name":"filt","filter-body":"return value.toFixed(1)"},"name":"twx-data-filter"}]}]}]}]}]}]},{"attributes":{"twx-widget":"","widget-id":"panel-3","position":"center","widget-name":"Center Panel","is-widget-container":"true"},"name":"twx-overlay-container","children":[{"name":"twx-container-content"}]},{"attributes":{"twx-widget":"","widget-id":"panel-4","position":"right","widget-name":"Right Panel","is-widget-container":"true"},"name":"twx-overlay-container","children":[{"name":"twx-container-content"}]}]}]},{"attributes":{"twx-widget":"","widget-id":"panel-5","position":"bottom","widget-name":"Bottom Panel","is-widget-container":"true","class":"BSCBottomPanel"},"name":"twx-overlay-container","children":[{"name":"twx-container-content","children":[{"attributes":{"twx-widget":"","widget-id":"footer-1","widget-name":"footer-1","is-widget-container":"true","class":"BSCBottomPanel"},"name":"twx-view-footer","children":[{"name":"twx-container-content","children":[{"attributes":{"twx-widget":"","widget-id":"button-1","text":"","widget-name":"button-1","click-expression":"togglePanelVisibility()","class":"BSCBottomButton BSCHelpButton"},"name":"twx-button"},{"attributes":{"twx-widget":"","widget-id":"button-2","text":"","widget-name":"button-2","click-expression":"showModel()","class":"BSCBottomButton BSCPlayButton"},"name":"twx-button"},{"attributes":{"twx-widget":"","widget-id":"slider-1","max":"360","value":"90","iconleft":"","iconright":"","widget-name":"slider-1","class":"BSCSlider1"},"name":"twx-range"},{"attributes":{"twx-widget":"","widget-id":"slider-2","min":"0.2","max":"5","step":"0.1","value":"1","iconleft":"","iconright":"","widget-name":"slider-2","class":"BSCSlider2"},"name":"twx-range"},{"attributes":{"twx-widget":"","widget-id":"hyperlink-1","text":"","widget-name":"hyperlink-1","class":"BSCBottomButton BSCHomeButton"},"name":"twx-hyperlink"}]}]}]}]}]}]}]},{"name":"twx-view-data"}],"name":"twx-view"}
2018-02-24T20:22:17.580Z - debug: [twx-studio:upgrade:StarterExperience] Make sure there are not any stale files lying around
2018-02-24T20:22:17.580Z - debug: [twx-studio:upgrade:StarterExperience] Removing  C:\Users\placatus\Documents\ThingWorxStudio\Projects\StarterExperience/src/phone/resources/Default/
2018-02-24T20:22:17.637Z - debug: [twx-studio:upgrade:StarterExperience] Create .gitignore for project dir
2018-02-24T20:22:17.642Z - debug: [twx-studio:upgrade:StarterExperience] Copying /src/**/* to project, overwrite=false
2018-02-24T20:22:17.643Z - debug: [twx-studio:upgrade:StarterExperience] Copying /**/* to project, skip /src/**/*,  overwrite=true
2018-02-24T20:22:17.784Z - debug: [twx-studio:upgrade:StarterExperience] Copy of project files complete
2018-02-24T20:22:17.784Z - debug: [twx-studio:upgrade:StarterExperience] Updating version to  8.2.0 (1.22.941)
2018-02-24T20:22:17.784Z - debug: [twx-studio:upgrade:StarterExperience] onupgrade sucessful, now build the project
2018-02-24T20:22:17.784Z - debug: [twx-studio:upgrade:StarterExperience] BEGIN buildApp StarterExperience_1519503737784
2018-02-24T20:22:17.784Z - debug: [twx-studio:upgrade:StarterExperience] write settings
2018-02-24T20:22:17.786Z - debug: [twx-studio:upgrade:StarterExperience] copy runtime extensions
2018-02-24T20:22:17.984Z - debug: [twx-studio:upgrade:StarterExperience] packageThemeSet
2018-02-24T20:22:18.870Z - debug: [twx-studio:upgrade:StarterExperience] onBuild
2018-02-24T20:22:18.870Z - info: [twx-studio:upgrade:StarterExperience] Building ves-ar-extension app: StarterExperience
2018-02-24T20:22:18.880Z - debug: [twx-studio:upgrade:StarterExperience] pathDir C:\Users\placatus\Documents\ThingWorxStudio\Projects\StarterExperience
2018-02-24T20:22:18.881Z - debug: [twx-studio:upgrade:StarterExperience] scaffoldDir C:\Users\placatus\AppData\Roaming\ThingworxStudio\studio-download.vuforia.io\node_modules\ves-ar-extension\src\src-scaffold
2018-02-24T20:22:18.881Z - debug: [twx-studio:upgrade:StarterExperience] copySrc
2018-02-24T20:22:20.683Z - debug: [twx-studio:upgrade:StarterExperience] buildApp
2018-02-24T20:22:20.932Z - debug: [twx-studio:upgrade:StarterExperience] END buildApp StarterExperience_1519503737784
2018-02-24T20:22:20.932Z - debug: [twx-studio:upgrade:StarterExperience] Build succeeded.
2018-03-23T06:32:41.576Z - debug: [twx-studio:upgrade:StarterExperience] Begin upgrade of project StarterExperience
2018-03-23T06:32:41.579Z - info: [twx-studio:upgrade:StarterExperience] Upgrading project StarterExperience C:\Users\placatus\Documents\ThingWorxStudio\Projects\StarterExperience from 8.2.1.2937 (1.22.941) to 8.2.1.2937 (1.23.1015)
2018-03-23T06:32:41.633Z - info: [twx-studio:upgrade:StarterExperience] Contents of view before upgrading C:\Users\placatus\Documents\ThingWorxStudio\Projects\StarterExperience\src\phone\components\Home.json {"attributes":{"twx-widget":"","widget-id":"view-1","viewtype":"ar","widget-name":"view-1","is-widget-container":"true"},"children":[{"name":"twx-container-content","children":[{"attributes":{"twx-widget":"","widget-id":"x-79444e8f-5edd-45d3-aea4-c6f233eda06d","camera":"{\"metadata\":{\"version\":4.4,\"type\":\"Object\",\"generator\":\"Object3D.toJSON\"},\"object\":{\"uuid\":\"979BF558-C862-4A40-8EC0-70681B12F88C\",\"type\":\"PerspectiveCamera\",\"matrix\":[0.2691817879676819,-3.267235648696243e-10,-0.9630894064903259,0,-0.28219544887542725,0.9561091661453247,-0.07887313514947891,0,0.9208184480667114,0.2930106222629547,0.25736716389656067,0,7.035751819610596,2.238823413848877,1.9664802551269531,1],\"fov\":20,\"zoom\":1,\"near\":0.01,\"far\":20000,\"focus\":10,\"aspect\":1.395869191049914,\"filmGauge\":35,\"filmOffset\":0}}","widget-name":"3D Container","is-widget-container":"true"},"name":"twx-dt-view","children":[{"name":"twx-container-content","children":[{"attributes":{"twx-widget":"","widget-id":"model-1","src":"Uploaded/Machine-complete-CV.pvz","scale":"1.2500","x":"0.2794","y":"0.1880","z":"0.1537","ry":"90","sequence":"Uploaded/l-3D - Sequence-TWS.pvi","widget-name":"model-1"},"name":"twx-dt-model","children":[{"attributes":{"databind-id":"db-1517223982150","source-type":"ui","source-label":"Slider","source-name":"slider-2","source-item-type":"property","source-item-name":"value","binding-type":"widget_property","from-expression":"app.view['Home'].wdg['slider-2']['value']","to-property":"scale"},"name":"twx-databind"},{"attributes":{"databind-id":"db-1517224249978","source-type":"ui","source-label":"Slider","source-name":"slider-1","source-item-type":"property","source-item-name":"value","binding-type":"widget_property","from-expression":"app.view['Home'].wdg['slider-1']['value']","to-property":"ry"},"name":"twx-databind"}]},{"attributes":{"twx-widget":"","widget-id":"thingMark-1","marker-id":"526:20","width":"0.0508","x":"0.420","y":"0.285","z":"0.178","rx":"180.00","ry":"90.00","rz":"180.00","istracked":"true","tracking-indicator":"true","widget-name":"thingMark-1"},"name":"twx-dt-target","children":[{"attributes":{"databind-id":"db-1485803192991","source-type":"data","source-name":"vumark","source-item-type":"value","source-item-name":"vumark","binding-type":"custom_field","from-expression":"app.params['vumark']","to-property":"markerId"},"name":"twx-databind"}]},{"attributes":{"twx-widget":"","widget-id":"fan1RpmGauge","src":"Default/vu_gauge1.svg","scale":"0.3","x":"0.37","y":"0.45","z":"0.534","canvasheight":"600","canvaswidth":"600","billboard":"true","label":"Fan 1 TEst","max-value":"4000","unit":"C","value":"2000","widget-name":"fan1RpmGauge"},"name":"tml-svg-gauge"},{"attributes":{"twx-widget":"","widget-id":"fan2RpmGauge","src":"Default/vu_gauge1.svg","scale":"0.3","x":"0.37","y":"0.45","z":"-0.108","canvasheight":"600","canvaswidth":"600","billboard":"true","label":"Fan 2 RPM","max-value":"4000","unit":"","widget-name":"fan2RpmGauge"},"name":"tml-svg-gauge"},{"attributes":{"twx-widget":"","widget-id":"fan1AccelBar","src":"Default/vu_gauge1.svg","scale":"0.5","x":"0.473","y":"0.09","z":"0.45","canvasheight":"140","canvaswidth":"810","billboard":"true","label":"Fan 1 Acceleration","max-value":"1000","unit":"","widget-name":"fan1AccelBar"},"name":"tml-svg-bar"},{"attributes":{"twx-widget":"","widget-id":"fan2AccelBar","src":"Default/vu_gauge1.svg","scale":"0.5","x":"0.473","y":"0.09","z":"-0.13","canvasheight":"140","canvaswidth":"810","billboard":"true","label":"Fan 2 Acceleration","max-value":"1000","unit":"","widget-name":"fan2AccelBar"},"name":"tml-svg-bar"},{"attributes":{"twx-widget":"","widget-id":"fan1StartButton","model":"model-1","idpath":"/6/201","scale":"1.0000","x":"-0.1200","y":"0.0250","z":"0.1731","rx":"90.00","ry":"-0.00","rz":"-45","widget-name":"fan1StartButton"},"name":"twx-dt-modelitem"},{"attributes":{"twx-widget":"","widget-id":"fan2StartButton","model":"model-1","idpath":"/6/95","scale":"1.0000","x":"0.1900","y":"0.0250","z":"0.1731","rx":"90.00","ry":"-0.00","rz":"-0.00","widget-name":"fan2StartButton"},"name":"twx-dt-modelitem"}]}]},{"attributes":{"twx-widget":"","widget-id":"2DOverlay-1","widget-name":"2D Overlay","is-widget-container":"true"},"name":"twx-overlay","children":[{"name":"twx-container-content","children":[{"attributes":{"twx-widget":"","widget-id":"panel-1","position":"top","widget-name":"Top Panel","is-widget-container":"true"},"name":"twx-overlay-container","children":[{"name":"twx-container-content","children":[{"attributes":{"twx-widget":"","widget-id":"BSCTopPanel","widget-name":"BSCTopPanel","is-widget-container":"true"},"name":"twx-view-header","children":[{"name":"twx-container-content","children":[{"attributes":{"twx-widget":"","widget-id":"card-1","widget-name":"card-1","is-widget-container":"true","class":"BSCTopCard"},"name":"twx-card","children":[{"name":"twx-container-content","children":[{"attributes":{"twx-widget":"","widget-id":"label-3","text":"Sample Equipment Name","state-format-value":"text","widget-name":"label-3","class":"simple-label BSCMachineNameLabel BSCTopLabel"},"name":"twx-label"},{"attributes":{"twx-widget":"","widget-id":"card-2","widget-name":"card-2","is-widget-container":"true","class":"BSCTopDarkArea"},"name":"twx-card","children":[{"name":"twx-container-content","children":[{"attributes":{"twx-widget":"","widget-id":"label-4","text":"Serial No   301289308","state-format-value":"text","widget-name":"label-4","class":"simple-label BSCColoredLabel BSCSerialNumber BSCTopLabel"},"name":"twx-label"},{"attributes":{"twx-widget":"","widget-id":"label-5","text":"Site: PTC Plant A","state-format-value":"text","widget-name":"label-5","class":"simple-label BSCColoredLabel BSCSiteName BSCTopLabel"},"name":"twx-label"}]}]},{"attributes":{"twx-widget":"","widget-id":"card-3","widget-name":"card-3","is-widget-container":"true","class":"BSCTopTriangle"},"name":"twx-card","children":[{"name":"twx-container-content"}]}]}]}]}]},{"attributes":{"twx-widget":"","widget-id":"header-1","widget-name":"header-1","is-widget-container":"true"},"name":"twx-view-header","children":[{"name":"twx-container-content","children":[{"attributes":{"twx-widget":"","widget-id":"headerButtons-1","align":"primary","widget-name":"headerButtons-1","is-widget-container":"true"},"name":"twx-header-buttons","children":[{"name":"twx-container-content","children":[{"attributes":{"twx-widget":"","widget-id":"resourceImage-2","imgsrc":"Uploaded/thingworx-color.png","width":"123p","height":"33px","widget-name":"resourceImage-2"},"name":"twx-image2"}]}]},{"attributes":{"twx-widget":"","widget-id":"headerTitle-1","widget-name":"headerTitle-1","is-widget-container":"true"},"name":"twx-header-title","children":[{"name":"twx-container-content","children":[{"attributes":{"twx-widget":"","widget-id":"label-1","text":"Sample experience Title","state-format-value":"text","widget-name":"label-1","class":"simple-label BSCTitleLabel BSCTopLabel"},"name":"twx-label"}]}]},{"attributes":{"twx-widget":"","widget-id":"headerButtons-2","align":"secondary","widget-name":"headerButtons-2","is-widget-container":"true"},"name":"twx-header-buttons","children":[{"name":"twx-container-content","children":[{"attributes":{"twx-widget":"","widget-id":"resourceImage-1","imgsrc":"Uploaded/HPE-Green-Logo.jpg","width":"200px","height":"31px","padding":"3px 0 0 0","widget-name":"resourceImage-1"},"name":"twx-image2"}]}]}]}]}]}]},{"attributes":{"twx-widget":"","widget-id":"2DOverlayBody-1","widget-name":"2D Body","is-widget-container":"true"},"name":"twx-overlay-body","children":[{"name":"twx-container-content","children":[{"attributes":{"twx-widget":"","widget-id":"panel-2","position":"left","width":"33vw","widget-name":"Left Panel","is-widget-container":"true","class":"BSCLeftPanel"},"name":"twx-overlay-container","children":[{"name":"twx-container-content","children":[{"attributes":{"twx-widget":"","widget-id":"propertyDisplayCard","visible":"false","widget-name":"propertyDisplayCard","is-widget-container":"true","class":"BSCPropertyDisplayCard"},"name":"twx-card","children":[{"name":"twx-container-content","children":[{"attributes":{"twx-widget":"","widget-id":"valueDisplay-1","state-format-value":"value","label":"Fan 1 Acceleration X","widget-name":"valueDisplay-1","class":"simple-label BSCNoBackground BSCValueDisplay"},"name":"twx-valuedisplay"},{"attributes":{"twx-widget":"","widget-id":"valueDisplay-2","state-format-value":"value","label":"Fan 1 Acceleration Y","widget-name":"valueDisplay-2","class":"simple-label BSCNoBackground BSCValueDisplay"},"name":"twx-valuedisplay"},{"attributes":{"twx-widget":"","widget-id":"valueDisplay-3","state-format-value":"value","label":"Fan 1 Acceleration RPM","widget-name":"valueDisplay-3","class":"simple-label BSCNoBackground BSCValueDisplay"},"name":"twx-valuedisplay"}]}]}]}]},{"attributes":{"twx-widget":"","widget-id":"panel-3","position":"center","widget-name":"Center Panel","is-widget-container":"true"},"name":"twx-overlay-container","children":[{"name":"twx-container-content"}]},{"attributes":{"twx-widget":"","widget-id":"panel-4","position":"right","widget-name":"Right Panel","is-widget-container":"true"},"name":"twx-overlay-container","children":[{"name":"twx-container-content"}]}]}]},{"attributes":{"twx-widget":"","widget-id":"panel-5","position":"bottom","widget-name":"Bottom Panel","is-widget-container":"true","class":"BSCBottomPanel"},"name":"twx-overlay-container","children":[{"name":"twx-container-content","children":[{"attributes":{"twx-widget":"","widget-id":"stepDescriptionLabel","state-format-value":"text","widget-name":"stepDescriptionLabel","class":"simple-label BSCARLabel"},"name":"twx-label"},{"attributes":{"twx-widget":"","widget-id":"footer-1","widget-name":"footer-1","is-widget-container":"true","class":"BSCBottomPanel"},"name":"twx-view-footer","children":[{"name":"twx-container-content","children":[{"attributes":{"twx-widget":"","widget-id":"gridLayout-1","widget-name":"gridLayout-1","is-widget-container":"true"},"name":"twx-gridlayout","children":[{"name":"twx-container-content","children":[{"attributes":{"twx-widget":"","widget-id":"row-1","rowheight":"44px; width: 100vw;","widget-name":"row-1","is-widget-container":"true"},"name":"twx-row","children":[{"name":"twx-container-content","children":[{"attributes":{"twx-widget":"","widget-id":"column-1","justification":"center","alignment":"center","widget-name":"column-1","is-widget-container":"true","class":"BSCSmallColumn"},"name":"twx-col","children":[{"name":"twx-container-content","children":[{"attributes":{"twx-widget":"","widget-id":"infoButton","text":"","widget-name":"infoButton","click-expression":"togglePanelVisibility()","class":"BSCBottomButton ion-ios-information-outline"},"name":"twx-button"}]}]},{"attributes":{"twx-widget":"","widget-id":"column-2","justification":"center","widget-name":"column-2","is-widget-container":"true","class":""},"name":"twx-col","children":[{"name":"twx-container-content","children":[{"attributes":{"twx-widget":"","widget-id":"modelRotationSlider","max":"360","value":"90","iconleft":"","iconright":"","widget-name":"modelRotationSlider","class":"BSCSlider"},"name":"twx-range"}]}]},{"attributes":{"twx-widget":"","widget-id":"column-3","justification":"center","alignment":"center","widget-name":"column-3","is-widget-container":"true","class":"BSCSmallColumn"},"name":"twx-col","children":[{"name":"twx-container-content","children":[{"attributes":{"twx-widget":"","widget-id":"sequencePlayButton","text":"","widget-name":"sequencePlayButton","class":"BSCBottomButton ion-play"},"name":"twx-button","children":[{"attributes":{"eventbind-id":"eb-1519644558564","src-type":"widget","src-label":"Button","src-name":"sequencePlayButton","src-event":"click","handler-type":"ui","handler-name":"model-1","handler-service":"play","handler":"app.view[\"Home\"].wdg[\"model-1\"].svc.play"},"name":"twx-eventbind"}]}]}]},{"attributes":{"twx-widget":"","widget-id":"column-4","justification":"center","widget-name":"column-4","is-widget-container":"true"},"name":"twx-col","children":[{"name":"twx-container-content","children":[{"attributes":{"twx-widget":"","widget-id":"modelScaleSlider","min":"0.2","max":"5","step":"0.1","value":"1","iconleft":"","iconright":"","widget-name":"modelScaleSlider","class":"BSCSlider"},"name":"twx-range"}]}]},{"attributes":{"twx-widget":"","widget-id":"column-5","justification":"center","alignment":"center","widget-name":"column-5","is-widget-container":"true","class":"BSCSmallColumn"},"name":"twx-col","children":[{"name":"twx-container-content","children":[{"attributes":{"twx-widget":"","widget-id":"hyperlink-1","text":"","widget-name":"hyperlink-1","class":"BSCBottomButton ion-ios-home-outline"},"name":"twx-hyperlink"}]}]}]}]}]}]}]}]}]}]}]}]}]},{"name":"twx-view-data"}],"name":"twx-view"}
2018-03-23T06:32:41.634Z - debug: [twx-studio:upgrade:StarterExperience] Make sure there are not any stale files lying around
2018-03-23T06:32:41.634Z - debug: [twx-studio:upgrade:StarterExperience] Removing  C:\Users\placatus\Documents\ThingWorxStudio\Projects\StarterExperience/css/
2018-03-23T06:32:41.652Z - debug: [twx-studio:upgrade:StarterExperience] Removing  C:\Users\placatus\Documents\ThingWorxStudio\Projects\StarterExperience/dist/
2018-03-23T06:32:42.197Z - debug: [twx-studio:upgrade:StarterExperience] Removing  C:\Users\placatus\Documents\ThingWorxStudio\Projects\StarterExperience/extensions/
2018-03-23T06:32:42.243Z - debug: [twx-studio:upgrade:StarterExperience] Removing  C:\Users\placatus\Documents\ThingWorxStudio\Projects\StarterExperience/src/phone/resources/Default/
2018-03-23T06:32:42.332Z - debug: [twx-studio:upgrade:StarterExperience] Removing  C:\Users\placatus\Documents\ThingWorxStudio\Projects\StarterExperience/theme/
2018-03-23T06:32:42.354Z - debug: [twx-studio:upgrade:StarterExperience] Copying /src/**/* to project, overwrite=false
2018-03-23T06:32:42.361Z - debug: [twx-studio:upgrade:StarterExperience] Copying /**/* to project, skip /src/**/*,  overwrite=true
2018-03-23T06:32:42.620Z - debug: [twx-studio:upgrade:StarterExperience] Copy of project files complete
2018-03-23T06:32:42.620Z - debug: [twx-studio:upgrade:StarterExperience] Updating version to  8.2.1.2937 (1.23.1015)
2018-03-23T06:32:42.620Z - debug: [twx-studio:upgrade:StarterExperience] onupgrade sucessful, now build the project
2018-03-23T06:32:42.620Z - debug: [twx-studio:upgrade:StarterExperience] BEGIN buildApp StarterExperience_1521786762620
2018-03-23T06:32:42.620Z - debug: [twx-studio:upgrade:StarterExperience] write settings
2018-03-23T06:32:42.630Z - debug: [twx-studio:upgrade:StarterExperience] copy runtime extensions
2018-03-23T06:32:42.834Z - debug: [twx-studio:upgrade:StarterExperience] packageThemeSet
2018-03-23T06:32:43.804Z - debug: [twx-studio:upgrade:StarterExperience] onBuild
2018-03-23T06:32:43.804Z - info: [twx-studio:upgrade:StarterExperience] Building ves-ar-extension app: StarterExperience
2018-03-23T06:32:43.834Z - debug: [twx-studio:upgrade:StarterExperience] pathDir C:\Users\placatus\Documents\ThingWorxStudio\Projects\StarterExperience
2018-03-23T06:32:43.834Z - debug: [twx-studio:upgrade:StarterExperience] scaffoldDir C:\Users\placatus\AppData\Roaming\ThingworxStudio\studio-download.vuforia.io\node_modules\ves-ar-extension\src\src-scaffold
2018-03-23T06:32:43.834Z - debug: [twx-studio:upgrade:StarterExperience] copySrc
2018-03-23T06:32:46.083Z - debug: [twx-studio:upgrade:StarterExperience] buildApp
2018-03-23T06:32:46.387Z - debug: [twx-studio:upgrade:StarterExperience] END buildApp StarterExperience_1521786762620
2018-03-23T06:32:46.387Z - debug: [twx-studio:upgrade:StarterExperience] Build succeeded.
